[debug] [2022-06-18T01:38:55.922Z] ----------------------------------------------------------------------
[debug] [2022-06-18T01:38:55.925Z] Command:       C:\Program Files\nodejs\node.exe C:\Users\otavi\AppData\Roaming\npm\node_modules\firebase-tools\lib\bin\firebase.js init
[debug] [2022-06-18T01:38:55.926Z] CLI Version:   11.1.0
[debug] [2022-06-18T01:38:55.926Z] Platform:      win32
[debug] [2022-06-18T01:38:55.926Z] Node Version:  v16.15.0
[debug] [2022-06-18T01:38:55.927Z] Time:          Fri Jun 17 2022 22:38:55 GMT-0300 (Horário Padrão de Brasília)
[debug] [2022-06-18T01:38:55.928Z] ----------------------------------------------------------------------
[debug] 
[debug] [2022-06-18T01:38:56.040Z] > command requires scopes: ["email","openid","https://www.googleapis.com/auth/cloudplatformprojects.readonly","https://www.googleapis.com/auth/firebase","https://www.googleapis.com/auth/cloud-platform"]
[debug] [2022-06-18T01:38:56.041Z] > authorizing via signed-in user (mindmap.claudio@gmail.com)
[info] 
     ######## #### ########  ######## ########     ###     ######  ########
     ##        ##  ##     ## ##       ##     ##  ##   ##  ##       ##
     ######    ##  ########  ######   ########  #########  ######  ######
     ##        ##  ##    ##  ##       ##     ## ##     ##       ## ##
     ##       #### ##     ## ######## ########  ##     ##  ######  ########

You're about to initialize a Firebase project in this directory:

  C:\Users\otavi\Documents\Claudio-sMindMap

Before we get started, keep in mind:

  * You are initializing within an existing Firebase project directory

[info] 
=== Project Setup
[info] 
[info] First, let's associate this project directory with a Firebase project.
[info] You can create multiple project aliases by running firebase use --add, 
[info] but for now we'll just set up a default project.
[info] 
[debug] [2022-06-18T01:39:03.055Z] Using project from CLI flag: claudio-mindmap
[debug] [2022-06-18T01:39:03.059Z] >>> [apiv2][query] GET https://firebase.googleapis.com/v1beta1/projects/claudio-mindmap [none]
[debug] [2022-06-18T01:39:04.252Z] <<< [apiv2][status] GET https://firebase.googleapis.com/v1beta1/projects/claudio-mindmap 403
[debug] [2022-06-18T01:39:04.252Z] <<< [apiv2][body] GET https://firebase.googleapis.com/v1beta1/projects/claudio-mindmap {"error":{"code":403,"message":"The caller does not have permission","status":"PERMISSION_DENIED"}}
[debug] [2022-06-18T01:39:04.253Z] HTTP Error: 403, The caller does not have permission
[debug] [2022-06-18T01:39:04.501Z] FirebaseError: HTTP Error: 403, The caller does not have permission
    at responseToError (C:\Users\otavi\AppData\Roaming\npm\node_modules\firebase-tools\lib\responseToError.js:49:12)
    at RetryOperation._fn (C:\Users\otavi\AppData\Roaming\npm\node_modules\firebase-tools\lib\apiv2.js:287:77)
    at processTicksAndRejections (node:internal/process/task_queues:96:5)
[error] 
[error] Error: Failed to get Firebase project claudio-mindmap. Please make sure the project exists and your account has permission to access it.
[debug] [2022-06-18T01:40:31.498Z] ----------------------------------------------------------------------
[debug] [2022-06-18T01:40:31.501Z] Command:       C:\Program Files\nodejs\node.exe C:\Users\otavi\AppData\Roaming\npm\node_modules\firebase-tools\lib\bin\firebase.js init
[debug] [2022-06-18T01:40:31.501Z] CLI Version:   11.1.0
[debug] [2022-06-18T01:40:31.502Z] Platform:      win32
[debug] [2022-06-18T01:40:31.502Z] Node Version:  v16.15.0
[debug] [2022-06-18T01:40:31.508Z] Time:          Fri Jun 17 2022 22:40:31 GMT-0300 (Horário Padrão de Brasília)
[debug] [2022-06-18T01:40:31.508Z] ----------------------------------------------------------------------
[debug] 
[debug] [2022-06-18T01:40:31.600Z] > command requires scopes: ["email","openid","https://www.googleapis.com/auth/cloudplatformprojects.readonly","https://www.googleapis.com/auth/firebase","https://www.googleapis.com/auth/cloud-platform"]
[debug] [2022-06-18T01:40:31.601Z] > authorizing via signed-in user (mindmap.claudio@gmail.com)
[info] 
     ######## #### ########  ######## ########     ###     ######  ########
     ##        ##  ##     ## ##       ##     ##  ##   ##  ##       ##
     ######    ##  ########  ######   ########  #########  ######  ######
     ##        ##  ##    ##  ##       ##     ## ##     ##       ## ##
     ##       #### ##     ## ######## ########  ##     ##  ######  ########

You're about to initialize a Firebase project in this directory:

  C:\Users\otavi\Documents\Claudio-sMindMap

Before we get started, keep in mind:

  * You are initializing within an existing Firebase project directory

[info] 
=== Project Setup
[info] 
[info] First, let's associate this project directory with a Firebase project.
[info] You can create multiple project aliases by running firebase use --add, 
[info] but for now we'll just set up a default project.
[info] 
[debug] [2022-06-18T01:40:35.571Z] Using project from CLI flag: claudio-mindmap
[debug] [2022-06-18T01:40:35.578Z] >>> [apiv2][query] GET https://firebase.googleapis.com/v1beta1/projects/claudio-mindmap [none]
[debug] [2022-06-18T01:40:36.850Z] <<< [apiv2][status] GET https://firebase.googleapis.com/v1beta1/projects/claudio-mindmap 403
[debug] [2022-06-18T01:40:36.851Z] <<< [apiv2][body] GET https://firebase.googleapis.com/v1beta1/projects/claudio-mindmap {"error":{"code":403,"message":"The caller does not have permission","status":"PERMISSION_DENIED"}}
[debug] [2022-06-18T01:40:36.851Z] HTTP Error: 403, The caller does not have permission
[debug] [2022-06-18T01:40:37.090Z] FirebaseError: HTTP Error: 403, The caller does not have permission
    at responseToError (C:\Users\otavi\AppData\Roaming\npm\node_modules\firebase-tools\lib\responseToError.js:49:12)
    at RetryOperation._fn (C:\Users\otavi\AppData\Roaming\npm\node_modules\firebase-tools\lib\apiv2.js:287:77)
    at processTicksAndRejections (node:internal/process/task_queues:96:5)
[error] 
[error] Error: Failed to get Firebase project claudio-mindmap. Please make sure the project exists and your account has permission to access it.
